Build started 7/14/2014 3:57:40 PM.
     1>Project "C:\Users\SSENG\Desktop\Frogger\Frogger.vcxproj" on node 2 (Build target(s)).
     1>ClCompile:
         C:\Program Files (x86)\Microsoft Visual Studio 12.0\VC\bin\CL.exe /c /Zi /nologo /W3 /WX- /O2 /Oi /Oy- /GL /D WIN32 /D NDEBUG /D _CONSOLE /D _UNICODE /D UNICODE /Gm- /EHsc /MD /GS /Gy /fp:precise /Zc:wchar_t /Zc:forScope /Fo"Release\\" /Fd"Release\vc120.pdb" /Gd /TP /analyze- /errorReport:prompt Display.cpp
         Display.cpp
     1>Display.cpp(139): warning C4996: 'fopen': This function or variable may be unsafe. Consider using fopen_s instead. To disable deprecation, use _CRT_SECURE_NO_WARNINGS. See online help for details.
                 C:\Program Files (x86)\Microsoft Visual Studio 12.0\VC\include\stdio.h(211) : see declaration of 'fopen'
       Link:
         C:\Program Files (x86)\Microsoft Visual Studio 12.0\VC\bin\link.exe /ERRORREPORT:PROMPT /OUT:"C:\Users\SSENG\Desktop\Frogger\Release\Frogger.exe" /INCREMENTAL:NO /NOLOGO kernel32.lib user32.lib gdi32.lib winspool.lib comdlg32.lib advapi32.lib shell32.lib ole32.lib oleaut32.lib uuid.lib odbc32.lib odbccp32.lib /MANIFEST /MANIFESTUAC:"level='asInvoker' uiAccess='false'" /manifest:embed /DEBUG /PDB:"C:\Users\SSENG\Desktop\Frogger\Release\Frogger.pdb" /SUBSYSTEM:CONSOLE /OPT:REF /OPT:ICF /LTCG /TLBID:1 /DYNAMICBASE /NXCOMPAT /IMPLIB:"C:\Users\SSENG\Desktop\Frogger\Release\Frogger.lib" /MACHINE:X86 /SAFESEH Release\Cube.obj
         Release\Display.obj
         Release\frog.obj
         Release\glm.obj
         Release\IdleFunc.obj
         Release\Init.obj
         Release\Main.obj
         Release\Plane.obj
         Release\Reshape.obj
         Release\Shape.obj
         Release\Sphere.obj
         Release\Vector.obj
         Generating code
         Finished generating code
         Frogger.vcxproj -> C:\Users\SSENG\Desktop\Frogger\Release\Frogger.exe
     1>Done Building Project "C:\Users\SSENG\Desktop\Frogger\Frogger.vcxproj" (Build target(s)).

Build succeeded.

Time Elapsed 00:00:02.27
